Warning: KiotaBuilder OpenAPI warning: #/paths/~1api~1v1~1projects~1{projectSlug}~1security~1scan/post - The operation describes multiple response schemas that are divergent. Only the schema of the lowest success status code will be used.
Warning: KiotaBuilder OpenAPI warning: #/paths/~1api~1v1~1environments~1{id}~1security~1scan/post - The operation describes multiple response schemas that are divergent. Only the schema of the lowest success status code will be used.
Warning: KiotaBuilder OpenAPI warning: #/paths/~1api~1v1~1providers~1init-system/post - The operation describes multiple response schemas that are divergent. Only the schema of the lowest success status code will be used.
Warning: KiotaBuilder OpenAPI warning: #/paths/~1api~1v1~1projects~1{projectRef}~1environments~1{envSlug}~1providers~1{providerSlug}~1secrets~1{key}~1rotate/post - The operation describes multiple response schemas that are divergent. Only the schema of the lowest success status code will be used.
Warning: KiotaBuilder OpenAPI warning: #/paths/~1api~1v1~1projects~1{projectRef}~1environments~1{envSlug}~1pki~1roles/post - The operation describes multiple response schemas that are divergent. Only the schema of the lowest success status code will be used.
Warning: KiotaBuilder OpenAPI warning: #/paths/~1api~1v1~1me~1api-keys/post - The operation describes multiple response schemas that are divergent. Only the schema of the lowest success status code will be used.
Warning: KiotaBuilder Could not create error type for 404 in Handshake
Warning: KiotaBuilder Could not create error type for 400 in createWebhook
Warning: KiotaBuilder Could not create error type for 403 in createWebhook
Warning: KiotaBuilder Could not create error type for 404 in createWebhook
Warning: KiotaBuilder Could not create error type for 404 in POST_api_tenants
Warning: KiotaBuilder Could not create error type for 404 in deleteWebhook
Warning: KiotaBuilder Could not create error type for 404 in getWebhookById
Warning: KiotaBuilder Could not create error type for 404 in updateWebhook
Warning: KiotaBuilder Could not create error type for 404 in ListTenants
Warning: KiotaBuilder Could not create error type for 404 in deactivateWebhook
Warning: KiotaBuilder Could not create error type for 400 in linkWebhookToProvider
Warning: KiotaBuilder Could not create error type for 404 in linkWebhookToProvider
Warning: KiotaBuilder Could not create error type for 404 in listWebhookDeliveries
Warning: KiotaBuilder Could not create error type for 404 in reactivateWebhook
Warning: KiotaBuilder Could not create error type for 404 in rotateWebhookSecret
Warning: KiotaBuilder Could not create error type for 404 in testWebhook
Warning: KiotaBuilder Could not create error type for 404 in AcceptTenantInvite
Warning: KiotaBuilder Could not create error type for 409 in AcceptTenantInvite
Warning: KiotaBuilder Could not create error type for 404 in GetTenantInvite
Warning: KiotaBuilder Could not create error type for 400 in CreateOwnTenant
Warning: KiotaBuilder Could not create error type for 404 in CreateOwnTenant
Warning: KiotaBuilder Could not create error type for 404 in getEnvironmentDrift
Warning: KiotaBuilder Could not create error type for 404 in GetTenant
Warning: KiotaBuilder Could not create error type for 404 in getSecretDriftSummary
Warning: KiotaBuilder Could not create error type for 404 in ListTenantUsers
Warning: KiotaBuilder Could not create error type for 400 in createTrustDomain
Warning: KiotaBuilder Could not create error type for 422 in createTrustDomain
Warning: KiotaBuilder Could not create error type for 404 in createTrustDomain
Warning: KiotaBuilder Could not create error type for 404 in RemoveTenantUser
Warning: KiotaBuilder Could not create error type for 409 in RemoveTenantUser
Warning: KiotaBuilder Could not create error type for 404 in ChangeTenantUserRole
Warning: KiotaBuilder Could not create error type for 404 in listTrustDomains
Warning: KiotaBuilder Could not create error type for 404 in deleteTrustDomain
Warning: KiotaBuilder Could not create error type for 404 in getTrustDomain
Warning: KiotaBuilder Could not create error type for 404 in updateTrustDomain
Warning: KiotaBuilder Could not create error type for 404 in CreateTenantInvite
Warning: KiotaBuilder Could not create error type for 401 in exchangeOidcToken
Warning: KiotaBuilder Could not create error type for 404 in exchangeOidcToken
Warning: KiotaBuilder Could not create error type for 422 in exchangeOidcToken
Warning: KiotaBuilder Could not create error type for 429 in exchangeOidcToken
Warning: KiotaBuilder Could not create error type for 404 in ListTenantInvites
Warning: KiotaBuilder Could not create error type for 404 in RevokeTenantInvite
Warning: KiotaBuilder Could not create error type for 404 in SwitchTenant
Warning: KiotaBuilder Could not create error type for 404 in VerifyTenantAccess
Warning: KiotaBuilder Could not create error type for 400 in createApiKey
Warning: KiotaBuilder Could not create error type for 500 in createApiKey
Warning: KiotaBuilder Could not create error type for 404 in createApiKey
Warning: KiotaBuilder Could not create error type for 404 in getApiKeysByEnvironment
Warning: KiotaBuilder Could not create error type for 404 in GetTenantSettings
Warning: KiotaBuilder Could not create error type for 400 in issueEnvironmentToken
Warning: KiotaBuilder Could not create error type for 404 in issueEnvironmentToken
Warning: KiotaBuilder Could not create error type for 404 in GetMyTenants
Warning: KiotaBuilder Could not create error type for 404 in GET_api_diagnostics_auth
Warning: KiotaBuilder Could not create error type for 404 in listEnvironmentWebhooks
Warning: KiotaBuilder Could not create error type for 404 in GET_api_version
Warning: KiotaBuilder Could not create error type for 404 in getEnvironmentSecurityReport
Warning: KiotaBuilder Could not create error type for 404 in triggerEnvironmentScan
Warning: KiotaBuilder Could not create error type for 404 in listEnvironmentNotifications
Warning: KiotaBuilder Could not create error type for 404 in listTenantWebhooks
Warning: KiotaBuilder Could not create error type for 400 in changeTenantPlan
Warning: KiotaBuilder Could not create error type for 404 in changeTenantPlan
Warning: KiotaBuilder Could not create error type for 404 in listTenantNotifications
Warning: KiotaBuilder Could not create error type for 404 in getAllProjects
Warning: KiotaBuilder Could not create error type for 400 in changePassword
Warning: KiotaBuilder Could not create error type for 404 in changePassword
Warning: KiotaBuilder Could not create error type for 400 in createProject
Warning: KiotaBuilder Could not create error type for 401 in createProject
Warning: KiotaBuilder Could not create error type for 402 in createProject
Warning: KiotaBuilder Could not create error type for 404 in createProject
Warning: KiotaBuilder Could not create error type for 400 in createUser
Warning: KiotaBuilder Could not create error type for 404 in createUser
Warning: KiotaBuilder Could not create error type for 404 in deleteProject
Warning: KiotaBuilder Could not create error type for 404 in deactivateUser
Warning: KiotaBuilder Could not create error type for 404 in updateProject
Warning: KiotaBuilder Could not create error type for 404 in getProjectById
Warning: KiotaBuilder Could not create error type for 404 in getProjectRoles
Warning: KiotaBuilder Could not create error type for 404 in listProjectWebhooks
Warning: KiotaBuilder Could not create error type for 400 in changeUserPassword
Warning: KiotaBuilder Could not create error type for 404 in changeUserPassword
Warning: KiotaBuilder Could not create error type for 404 in getProjectEncryptionKey
Warning: KiotaBuilder Could not create error type for 404 in deactivateUserAccount
Warning: KiotaBuilder Could not create error type for 404 in getUserById
Warning: KiotaBuilder Could not create error type for 400 in provisionProjectDek
Warning: KiotaBuilder Could not create error type for 404 in provisionProjectDek
Warning: KiotaBuilder Could not create error type for 409 in provisionProjectDek
Warning: KiotaBuilder Could not create error type for 404 in reactivateUser
Warning: KiotaBuilder Could not create error type for 400 in rotateProjectDek
Warning: KiotaBuilder Could not create error type for 403 in rotateProjectDek
Warning: KiotaBuilder Could not create error type for 404 in rotateProjectDek
Warning: KiotaBuilder Could not create error type for 404 in getCurrentUser
Warning: KiotaBuilder Could not create error type for 404 in updateCurrentUser
Warning: KiotaBuilder Could not create error type for 404 in listProjectNotifications
Warning: KiotaBuilder Could not create error type for 404 in getProvidersByProject
Warning: KiotaBuilder Could not create error type for 404 in assignProvidersToProject
Warning: KiotaBuilder Could not create error type for 404 in unassignProviderFromProject
Warning: KiotaBuilder Could not create error type for 404 in getSsoConfig
Warning: KiotaBuilder Could not create error type for 403 in removeSso
Warning: KiotaBuilder Could not create error type for 404 in removeSso
Warning: KiotaBuilder Could not create error type for 400 in assignUsersToProject
Warning: KiotaBuilder Could not create error type for 404 in assignUsersToProject
Warning: KiotaBuilder Could not create error type for 403 in updateSsoConfig
Warning: KiotaBuilder Could not create error type for 404 in updateSsoConfig
Warning: KiotaBuilder Could not create error type for 402 in configureOidcSso
Warning: KiotaBuilder Could not create error type for 403 in configureOidcSso
Warning: KiotaBuilder Could not create error type for 409 in configureOidcSso
Warning: KiotaBuilder Could not create error type for 404 in configureOidcSso
Warning: KiotaBuilder Could not create error type for 404 in getProjectUsers
Warning: KiotaBuilder Could not create error type for 404 in removeUserFromProject
Warning: KiotaBuilder Could not create error type for 402 in configureSamlSso
Warning: KiotaBuilder Could not create error type for 403 in configureSamlSso
Warning: KiotaBuilder Could not create error type for 409 in configureSamlSso
Warning: KiotaBuilder Could not create error type for 404 in configureSamlSso
Warning: KiotaBuilder Could not create error type for 400 in updateUserPermissions
Warning: KiotaBuilder Could not create error type for 404 in updateUserPermissions
Warning: KiotaBuilder Could not create error type for 402 in requestSsoAccess
Warning: KiotaBuilder Could not create error type for 403 in requestSsoAccess
Warning: KiotaBuilder Could not create error type for 409 in requestSsoAccess
Warning: KiotaBuilder Could not create error type for 404 in requestSsoAccess
Warning: KiotaBuilder Could not create error type for 404 in getBillingStatements
Warning: KiotaBuilder Could not create error type for 403 in toggleSsoEnforcement
Warning: KiotaBuilder Could not create error type for 404 in toggleSsoEnforcement
Warning: KiotaBuilder Could not create error type for 404 in getTenantUsage
Warning: KiotaBuilder Could not create error type for 403 in getTenantEncryptionKey
Warning: KiotaBuilder Could not create error type for 404 in getTenantEncryptionKey
Warning: KiotaBuilder Could not create error type for 400 in registerTenantEncryptionKey
Warning: KiotaBuilder Could not create error type for 403 in registerTenantEncryptionKey
Warning: KiotaBuilder Could not create error type for 409 in registerTenantEncryptionKey
Warning: KiotaBuilder Could not create error type for 404 in registerTenantEncryptionKey
Warning: KiotaBuilder Could not create error type for 404 in getIntegrationInfo
Warning: KiotaBuilder Could not create error type for 404 in exportProject
Warning: KiotaBuilder Could not create error type for 400 in downloadEmergencyKit
Warning: KiotaBuilder Could not create error type for 403 in downloadEmergencyKit
Warning: KiotaBuilder Could not create error type for 404 in downloadEmergencyKit
Warning: KiotaBuilder Could not create error type for 404 in GET_api_v1_system_rate_limit_status
Warning: KiotaBuilder Could not create error type for 404 in GET_api_v1_system_health_rate_limit
Warning: KiotaBuilder Could not create error type for 400 in migrateTenantEncryption
Warning: KiotaBuilder Could not create error type for 403 in migrateTenantEncryption
Warning: KiotaBuilder Could not create error type for 404 in migrateTenantEncryption
Warning: KiotaBuilder Could not create error type for 404 in getTenantEncryptionKeyRecoveryChallenge
Warning: KiotaBuilder Could not create error type for 404 in getSecretDrift
Warning: KiotaBuilder Could not create error type for 400 in recoverTenantEncryptionKey
Warning: KiotaBuilder Could not create error type for 403 in recoverTenantEncryptionKey
Warning: KiotaBuilder Could not create error type for 404 in recoverTenantEncryptionKey
Warning: KiotaBuilder Could not create error type for 404 in GetUserTenants
Warning: KiotaBuilder Could not create error type for 400 in reprovisionTenantDek
Warning: KiotaBuilder Could not create error type for 403 in reprovisionTenantDek
Warning: KiotaBuilder Could not create error type for 404 in reprovisionTenantDek
Warning: KiotaBuilder Could not create error type for 409 in reprovisionTenantDek
Warning: KiotaBuilder Could not create error type for 400 in setGlobalSecretProvider
Warning: KiotaBuilder Could not create error type for 404 in setGlobalSecretProvider
Warning: KiotaBuilder Could not create error type for 403 in toggleZkeEnforcement
Warning: KiotaBuilder Could not create error type for 404 in toggleZkeEnforcement
Warning: KiotaBuilder Could not create error type for 400 in assignGroupToProject
Warning: KiotaBuilder Could not create error type for 404 in assignGroupToProject
Warning: KiotaBuilder Could not create error type for 404 in getTenantSecuritySummary
Warning: KiotaBuilder Could not create error type for 404 in listSshLogs
Warning: KiotaBuilder Could not create error type for 404 in createShare
Warning: KiotaBuilder Could not create error type for 404 in listRotatorDefinitions
Warning: KiotaBuilder Could not create error type for 404 in getProjectGroups
Warning: KiotaBuilder Could not create error type for 404 in listMyShares
Warning: KiotaBuilder Could not create error type for 400 in createProvider
Warning: KiotaBuilder Could not create error type for 404 in createProvider
Warning: KiotaBuilder Could not create error type for 404 in unassignGroupFromProject
Warning: KiotaBuilder Could not create error type for 404 in listProviders
Warning: KiotaBuilder Could not create error type for 404 in getShare
Warning: KiotaBuilder Could not create error type for 400 in deleteProvider
Warning: KiotaBuilder Could not create error type for 404 in deleteProvider
Warning: KiotaBuilder Could not create error type for 409 in deleteProvider
Warning: KiotaBuilder Could not create error type for 404 in getProviderById
Warning: KiotaBuilder Could not create error type for 404 in updateProvider
Warning: KiotaBuilder Could not create error type for 404 in revokeShare
Warning: KiotaBuilder Could not create error type for 404 in unlockShare
Warning: KiotaBuilder Could not create error type for 403 in unlockShare
Warning: KiotaBuilder Could not create error type for 404 in getAwsRegions
Warning: KiotaBuilder Could not create error type for 404 in createEnvironment
Warning: KiotaBuilder Could not create error type for 404 in getEnvironmentsByProject
Warning: KiotaBuilder Could not create error type for 404 in getProviderCatalog
Warning: KiotaBuilder Could not create error type for 404 in listPkiLogs
Warning: KiotaBuilder Could not create error type for 404 in deleteEnvironment
Warning: KiotaBuilder Could not create error type for 404 in getEnvironment
Warning: KiotaBuilder Could not create error type for 404 in updateEnvironment
Warning: KiotaBuilder Could not create error type for 409 in initSystemProvider
Warning: KiotaBuilder Could not create error type for 422 in initSystemProvider
Warning: KiotaBuilder Could not create error type for 404 in initSystemProvider
Warning: KiotaBuilder Could not create error type for 404 in searchProviders
Warning: KiotaBuilder Could not create error type for 400 in assignProvidersToEnvironment
Warning: KiotaBuilder Could not create error type for 404 in assignProvidersToEnvironment
Warning: KiotaBuilder Could not create error type for 404 in getEnvironmentProviders
Warning: KiotaBuilder Could not create error type for 404 in removeProviderFromEnvironment
Warning: KiotaBuilder Could not create error type for 400 in createNotificationChannel
Warning: KiotaBuilder Could not create error type for 404 in createNotificationChannel
Warning: KiotaBuilder Could not create error type for 404 in deleteNotificationChannel
Warning: KiotaBuilder Could not create error type for 401 in exchangeOidcTokenBySlug
Warning: KiotaBuilder Could not create error type for 404 in exchangeOidcTokenBySlug
Warning: KiotaBuilder Could not create error type for 422 in exchangeOidcTokenBySlug
Warning: KiotaBuilder Could not create error type for 429 in exchangeOidcTokenBySlug
Warning: KiotaBuilder Could not create error type for 404 in getNotificationChannel
Warning: KiotaBuilder Could not create error type for 404 in testNotificationChannel
Warning: KiotaBuilder Could not create error type for 404 in toggleNotificationChannel
Warning: KiotaBuilder Could not create error type for 404 in updateNotificationChannel
Warning: KiotaBuilder Could not create error type for 400 in createGroup
Warning: KiotaBuilder Could not create error type for 404 in createGroup
Warning: KiotaBuilder Could not create error type for 400 in stripeWebhook
Warning: KiotaBuilder Could not create error type for 404 in listGroups
Warning: KiotaBuilder Could not create error type for 404 in stripeWebhook
Warning: KiotaBuilder Could not create error type for 404 in deleteGroup
Warning: KiotaBuilder Could not create error type for 404 in getGroupById
Warning: KiotaBuilder Could not create error type for 404 in updateGroup
Warning: KiotaBuilder Could not create error type for 404 in addUserToGroup
Warning: KiotaBuilder Could not create error type for 401 in exchangeToken
Warning: KiotaBuilder Could not create error type for 503 in exchangeToken
Warning: KiotaBuilder Could not create error type for 404 in exchangeToken
Warning: KiotaBuilder Could not create error type for 404 in getGroupMembers
Warning: KiotaBuilder Could not create error type for 404 in removeUserFromGroup
Warning: KiotaBuilder Could not create error type for 404 in getAuthConfig
Warning: KiotaBuilder Could not create error type for 404 in getSseStream
Warning: KiotaBuilder Could not create error type for 404 in getSsoHint
Warning: KiotaBuilder Could not create error type for 404 in getDashboard
Warning: KiotaBuilder Could not create error type for 400 in createPersonalApiKey
Warning: KiotaBuilder Could not create error type for 500 in createPersonalApiKey
Warning: KiotaBuilder Could not create error type for 404 in createPersonalApiKey
Warning: KiotaBuilder Could not create error type for 404 in getPersonalApiKeys
Warning: KiotaBuilder Could not create error type for 400 in createBillingPortalSession
Warning: KiotaBuilder Could not create error type for 404 in createBillingPortalSession
Warning: KiotaBuilder Could not create error type for 400 in createCheckoutSession
Warning: KiotaBuilder Could not create error type for 404 in createCheckoutSession
Warning: KiotaBuilder Could not create error type for 404 in deletePersonalApiKey
Warning: KiotaBuilder Could not create error type for 403 in createTenantAdminApiKey
Warning: KiotaBuilder Could not create error type for 500 in createTenantAdminApiKey
Warning: KiotaBuilder Could not create error type for 404 in createTenantAdminApiKey
Warning: KiotaBuilder Could not create error type for 404 in deleteApiKey
Warning: KiotaBuilder Could not create error type for 404 in getApiKeyById
Warning: KiotaBuilder Could not create error type for 404 in updateApiKey
Warning: KiotaBuilder Could not create error type for 404 in toggleApiKeyStatus
Warning: KiotaBuilder Could not create error type for 401 in getKeyContext
Warning: KiotaBuilder Could not create error type for 404 in getKeyContext
Warning: KiotaBuilder Could not create error type for 404 in listAccessLogs
Warning: KiotaBuilder Could not create error type for 400 in importProject
Warning: KiotaBuilder Could not create error type for 402 in importProject
Warning: KiotaBuilder Could not create error type for 404 in importProject
Warning: KiotaBuilder Could not create error type for 404 in searchProjects
Warning: KiotaBuilder Could not create error type for 404 in getProjectTags
Warning: KiotaBuilder Could not create error type for 404 in assignUsersToEnvironment
Warning: KiotaBuilder Could not create error type for 404 in generateDynamicCredentials
Warning: KiotaBuilder Could not create error type for 404 in getEnvironmentUsers
Warning: KiotaBuilder Could not create error type for 404 in removeUserFromEnvironment
Warning: KiotaBuilder Could not create error type for 404 in updateUserRole
Warning: KiotaBuilder Could not create error type for 404 in listCredentialRoles
Warning: KiotaBuilder Could not create error type for 400 in updateLeasePolicy
Warning: KiotaBuilder Could not create error type for 404 in updateLeasePolicy
Warning: KiotaBuilder Could not create error type for 404 in listTotpKeys
Warning: KiotaBuilder Could not create error type for 404 in deleteTotpKey
Warning: KiotaBuilder Could not create error type for 404 in getTotpCode
Warning: KiotaBuilder Could not create error type for 404 in copyEnvironment
Warning: KiotaBuilder Could not create error type for 400 in configureSsh
Warning: KiotaBuilder Could not create error type for 404 in configureSsh
Warning: KiotaBuilder Could not create error type for 400 in generateTotpKey
Warning: KiotaBuilder Could not create error type for 404 in generateTotpKey
Warning: KiotaBuilder Could not create error type for 400 in createSshRole
Warning: KiotaBuilder Could not create error type for 404 in createSshRole
Warning: KiotaBuilder Could not create error type for 400 in importTotpKey
Warning: KiotaBuilder Could not create error type for 404 in importTotpKey
Warning: KiotaBuilder Could not create error type for 404 in listSshRoles
Warning: KiotaBuilder Could not create error type for 404 in deleteSshRole
Warning: KiotaBuilder Could not create error type for 404 in getSshCaPublicKey
Warning: KiotaBuilder Could not create error type for 400 in signSshKey
Warning: KiotaBuilder Could not create error type for 404 in signSshKey
Warning: KiotaBuilder Could not create error type for 404 in listLeases
Warning: KiotaBuilder Could not create error type for 404 in revokeLease
Warning: KiotaBuilder Could not create error type for 409 in revokeLease
Warning: KiotaBuilder Could not create error type for 400 in configurePkiCa
Warning: KiotaBuilder Could not create error type for 404 in configurePkiCa
Warning: KiotaBuilder Could not create error type for 400 in assignGroupToEnvironment
Warning: KiotaBuilder Could not create error type for 404 in assignGroupToEnvironment
Warning: KiotaBuilder Could not create error type for 404 in getPkiCa
Warning: KiotaBuilder Could not create error type for 404 in getEnvironmentGroups
Warning: KiotaBuilder Could not create error type for 400 in createPkiRole
Warning: KiotaBuilder Could not create error type for 404 in createPkiRole
Warning: KiotaBuilder Could not create error type for 404 in unassignGroupFromEnvironment
Warning: KiotaBuilder Could not create error type for 400 in issuePkiCertificate
Warning: KiotaBuilder Could not create error type for 404 in issuePkiCertificate
Warning: KiotaBuilder Could not create error type for 404 in listPkiRoles
Warning: KiotaBuilder Could not create error type for 404 in deletePkiRole
Warning: KiotaBuilder Could not create error type for 400 in revokePkiCertificate
Warning: KiotaBuilder Could not create error type for 404 in revokePkiCertificate
Warning: KiotaBuilder Could not create error type for 404 in listPkiCertificates
Warning: KiotaBuilder Could not create error type for 404 in tidyPkiCerts
Warning: KiotaBuilder Could not create error type for 404 in getProjectSecurity
Warning: KiotaBuilder Could not create error type for 404 in triggerProjectGlobalScan
